Started GET "/" for 127.0.0.1 at 2022-10-06 15:57:29 -0600
Processing by Rails::WelcomeController#index as HTML
  Rendering /Users/itassistant/.rvm/rubies/ruby-3.0.0/lib/ruby/gems/3.0.0/gems/railties-7.0.4/lib/rails/templates/rails/welcome/index.html.erb
  Rendered /Users/itassistant/.rvm/rubies/ruby-3.0.0/lib/ruby/gems/3.0.0/gems/railties-7.0.4/lib/rails/templates/rails/welcome/index.html.erb (Duration: 3.4ms | Allocations: 739)
Completed 200 OK in 25ms (Views: 10.9ms | ActiveRecord: 0.0ms | Allocations: 7128)


Started GET "/pages/home" for ::1 at 2022-10-06 15:58:10 -0600
Processing by PagesController#home as HTML
  Rendering layout layouts/application.html.erb
  Rendering pages/home.html.erb within layouts/application
  Rendered pages/home.html.erb within layouts/application (Duration: 0.6ms | Allocations: 107)
  Rendered layout layouts/application.html.erb (Duration: 1209.4ms | Allocations: 98141)
Completed 200 OK in 1231ms (Views: 1229.5ms | ActiveRecord: 0.0ms | Allocations: 99262)


Started GET "/pages/about" for ::1 at 2022-10-06 16:00:03 -0600
Processing by PagesController#about as HTML
  Rendering layout layouts/application.html.erb
  Rendering pages/about.html.erb within layouts/application
  Rendered pages/about.html.erb within layouts/application (Duration: 0.4ms | Allocations: 107)
  Rendered layout layouts/application.html.erb (Duration: 22.8ms | Allocations: 2493)
Completed 200 OK in 24ms (Views: 23.3ms | ActiveRecord: 0.0ms | Allocations: 2865)


Started GET "/pages/" for ::1 at 2022-10-06 16:02:33 -0600
  
ActionController::RoutingError (No route matches [GET] "/pages"):
  
Started GET "/pages" for ::1 at 2022-10-06 16:02:38 -0600
  
ActionController::RoutingError (No route matches [GET] "/pages"):
  
Started GET "/pages" for ::1 at 2022-10-06 16:03:18 -0600
  
ActionController::RoutingError (No route matches [GET] "/pages"):
  
Started GET "/" for ::1 at 2022-10-06 16:05:26 -0600
Processing by PagesController#home as HTML
  Rendering layout layouts/application.html.erb
  Rendering pages/home.html.erb within layouts/application
  Rendered pages/home.html.erb within layouts/application (Duration: 0.0ms | Allocations: 9)
  Rendered layout layouts/application.html.erb (Duration: 87.1ms | Allocations: 13793)
Completed 200 OK in 90ms (Views: 88.3ms | Allocations: 14558)


Started GET "/pages/home" for ::1 at 2022-10-06 16:05:33 -0600
Processing by PagesController#home as HTML
  Rendering layout layouts/application.html.erb
  Rendering pages/home.html.erb within layouts/application
  Rendered pages/home.html.erb within layouts/application (Duration: 0.0ms | Allocations: 7)
  Rendered layout layouts/application.html.erb (Duration: 22.9ms | Allocations: 2383)
Completed 200 OK in 25ms (Views: 23.5ms | Allocations: 2689)


Started GET "/home" for ::1 at 2022-10-06 16:05:42 -0600
  
ActionController::RoutingError (No route matches [GET] "/home"):
  
Started GET "/pages/home" for ::1 at 2022-10-06 16:07:03 -0600
  
ActionController::RoutingError (No route matches [GET] "/pages/home"):
  
Started GET "/home" for ::1 at 2022-10-06 16:07:10 -0600
  
ActionController::RoutingError (uninitialized constant HomeController):
  
Started GET "/home" for ::1 at 2022-10-06 16:07:25 -0600
  
ActionController::RoutingError (uninitialized constant HomeController):
  
Started GET "/home" for ::1 at 2022-10-06 16:07:25 -0600
  
ActionController::RoutingError (uninitialized constant HomeController):
  
Started GET "/home" for ::1 at 2022-10-06 16:07:25 -0600
  
ActionController::RoutingError (uninitialized constant HomeController):
  
Started GET "/home" for ::1 at 2022-10-06 16:07:25 -0600
  
ActionController::RoutingError (uninitialized constant HomeController):
  
Started GET "/home" for ::1 at 2022-10-06 16:07:26 -0600
  
ActionController::RoutingError (uninitialized constant HomeController):
  
Started GET "/home" for ::1 at 2022-10-06 16:07:27 -0600
  
ActionController::RoutingError (uninitialized constant HomeController):
  
Started GET "/home" for ::1 at 2022-10-06 16:07:27 -0600
  
ActionController::RoutingError (uninitialized constant HomeController):
  
Started GET "/home" for ::1 at 2022-10-06 16:07:27 -0600
  
ActionController::RoutingError (uninitialized constant HomeController):
  
Started GET "/home" for ::1 at 2022-10-06 16:07:28 -0600
  
ActionController::RoutingError (uninitialized constant HomeController):
  
Started GET "/pages/home" for ::1 at 2022-10-06 16:07:36 -0600
  
ActionController::RoutingError (No route matches [GET] "/pages/home"):
  
Started GET "/pages/home" for ::1 at 2022-10-06 16:08:02 -0600
Processing by PagesController#home as HTML
  Rendering layout layouts/application.html.erb
  Rendering pages/home.html.erb within layouts/application
  Rendered pages/home.html.erb within layouts/application (Duration: 0.0ms | Allocations: 9)
  Rendered layout layouts/application.html.erb (Duration: 14.7ms | Allocations: 13803)
Completed 200 OK in 17ms (Views: 15.9ms | Allocations: 14564)


Started GET "/home" for ::1 at 2022-10-06 16:08:08 -0600
  
ActionController::RoutingError (No route matches [GET] "/home"):
  
Started GET "/home" for ::1 at 2022-10-06 16:08:28 -0600
  
ActionController::RoutingError (uninitialized constant HomeController):
  
Started GET "/home" for ::1 at 2022-10-06 16:08:29 -0600
  
ActionController::RoutingError (uninitialized constant HomeController):
  
Started GET "/home" for ::1 at 2022-10-06 16:08:30 -0600
  
ActionController::RoutingError (uninitialized constant HomeController):
  
Started GET "/home/index" for ::1 at 2022-10-06 16:08:39 -0600
  
ActionController::RoutingError (No route matches [GET] "/home/index"):
  
Started GET "/index/home" for ::1 at 2022-10-06 16:08:49 -0600
  
ActionController::RoutingError (No route matches [GET] "/index/home"):
  
Started GET "/home" for ::1 at 2022-10-06 16:08:57 -0600
  
ActionController::RoutingError (uninitialized constant HomeController):
  
Started GET "/home" for ::1 at 2022-10-06 16:09:18 -0600
  
ActionController::RoutingError (No route matches [GET] "/home"):
  
Started GET "/home" for ::1 at 2022-10-06 16:09:19 -0600
  
ActionController::RoutingError (No route matches [GET] "/home"):
  
Started GET "/home" for ::1 at 2022-10-06 16:09:19 -0600
  
ActionController::RoutingError (No route matches [GET] "/home"):
  
Started GET "/home" for ::1 at 2022-10-06 16:09:23 -0600
  
ActionController::RoutingError (No route matches [GET] "/home"):
  
Started GET "/" for ::1 at 2022-10-06 16:09:52 -0600
Processing by PagesController#home as HTML
  Rendering layout layouts/application.html.erb
  Rendering pages/home.html.erb within layouts/application
  Rendered pages/home.html.erb within layouts/application (Duration: 0.1ms | Allocations: 9)
  Rendered layout layouts/application.html.erb (Duration: 18.6ms | Allocations: 13817)
Completed 200 OK in 23ms (Views: 22.9ms | Allocations: 14578)


Started GET "/home" for ::1 at 2022-10-06 16:09:56 -0600
  
ActionController::RoutingError (No route matches [GET] "/home"):
  
Started GET "/" for ::1 at 2022-10-06 16:10:56 -0600
Processing by PagesController#home as HTML
  Rendering layout layouts/application.html.erb
  Rendering pages/home.html.erb within layouts/application
  Rendered pages/home.html.erb within layouts/application (Duration: 0.0ms | Allocations: 9)
  Rendered layout layouts/application.html.erb (Duration: 12.1ms | Allocations: 13708)
Completed 200 OK in 14ms (Views: 13.7ms | Allocations: 14468)


Started GET "/about" for ::1 at 2022-10-06 16:11:04 -0600
Processing by PagesController#about as HTML
  Rendering layout layouts/application.html.erb
  Rendering pages/about.html.erb within layouts/application
  Rendered pages/about.html.erb within layouts/application (Duration: 0.1ms | Allocations: 7)
  Rendered layout layouts/application.html.erb (Duration: 9.5ms | Allocations: 2383)
Completed 200 OK in 12ms (Views: 10.8ms | Allocations: 2689)


Started GET "/about" for ::1 at 2022-10-06 16:18:35 -0600
Processing by PagesController#about as HTML
  Rendering layout layouts/application.html.erb
  Rendering pages/about.html.erb within layouts/application
  Rendered pages/about.html.erb within layouts/application (Duration: 0.8ms | Allocations: 364)
  Rendered layout layouts/application.html.erb (Duration: 46.6ms | Allocations: 35481)
Completed 200 OK in 56ms (Views: 49.5ms | ActiveRecord: 0.0ms | Allocations: 40837)


Started GET "/" for ::1 at 2022-10-06 16:18:48 -0600
Processing by PagesController#home as HTML
  Rendering layout layouts/application.html.erb
  Rendering pages/home.html.erb within layouts/application
  Rendered pages/home.html.erb within layouts/application (Duration: 2.3ms | Allocations: 102)
  Rendered layout layouts/application.html.erb (Duration: 7.2ms | Allocations: 2473)
Completed 200 OK in 12ms (Views: 7.9ms | ActiveRecord: 0.0ms | Allocations: 2846)


Started GET "/" for ::1 at 2022-10-06 16:19:58 -0600
Processing by PagesController#home as HTML
  Rendering layout layouts/application.html.erb
  Rendering pages/home.html.erb within layouts/application
  Rendered pages/home.html.erb within layouts/application (Duration: 0.6ms | Allocations: 109)
  Rendered layout layouts/application.html.erb (Duration: 3.7ms | Allocations: 2768)
Completed 200 OK in 6ms (Views: 5.3ms | ActiveRecord: 0.0ms | Allocations: 3795)


Started GET "/about" for ::1 at 2022-10-06 16:19:59 -0600
Processing by PagesController#about as HTML
  Rendering layout layouts/application.html.erb
  Rendering pages/about.html.erb within layouts/application
  Rendered pages/about.html.erb within layouts/application (Duration: 0.7ms | Allocations: 103)
  Rendered layout layouts/application.html.erb (Duration: 3.9ms | Allocations: 2473)
Completed 200 OK in 5ms (Views: 4.5ms | ActiveRecord: 0.0ms | Allocations: 2841)


Started GET "/" for ::1 at 2022-10-06 16:23:43 -0600
Processing by PagesController#home as HTML
  Rendering layout layouts/application.html.erb
  Rendering pages/home.html.erb within layouts/application
  Rendered pages/home.html.erb within layouts/application (Duration: 0.0ms | Allocations: 9)
  Rendered layout layouts/application.html.erb (Duration: 11.4ms | Allocations: 13808)
Completed 200 OK in 14ms (Views: 12.6ms | Allocations: 14572)


Started GET "/" for ::1 at 2022-10-06 16:23:51 -0600
Processing by PagesController#home as HTML
  Rendering layout layouts/application.html.erb
  Rendering pages/home.html.erb within layouts/application
  Rendered pages/home.html.erb within layouts/application (Duration: 1.4ms | Allocations: 1819)
  Rendered layout layouts/application.html.erb (Duration: 1.6ms | Allocations: 1892)
Completed 500 Internal Server Error in 4ms (Allocations: 2928)


  
ActionView::SyntaxErrorInTemplate (Encountered a syntax error while rendering template: check <h1>Pages#home</h1>
<p>Find me in app/views/pages/home.html.erb</p>
<a href="/about">About me</a>
<%= link_to "About Me, Myself, and I" about_pages_path %>
):
1:    <h1>Pages#home</h1>
2:    <p>Find me in app/views/pages/home.html.erb</p>
3:    <a href="/about">About me</a>
4:    <%= link_to "About Me, Myself, and I" about_pages_path %>
  
app/views/pages/home.html.erb:4: syntax error, unexpected local variable or method, expecting ')'
app/views/pages/home.html.erb:4: syntax error, unexpected local variable or method, expecting ')'
app/views/pages/home.html.erb:4: syntax error, unexpected local variable or method, expecting ')'
app/views/pages/home.html.erb:4: syntax error, unexpected local variable or method, expecting ')'
app/views/pages/home.html.erb:4: syntax error, unexpected local variable or method, expecting ')'
app/views/pages/home.html.erb:4: syntax error, unexpected local variable or method, expecting ')'
Started GET "/about" for ::1 at 2022-10-06 16:24:38 -0600
  
ActionController::RoutingError (No route matches [GET] "/about"):
  
Started GET "/about" for ::1 at 2022-10-06 16:24:58 -0600
  
ActionController::RoutingError (No route matches [GET] "/about"):
  
Started GET "/about" for ::1 at 2022-10-06 16:26:37 -0600
  
ActionController::RoutingError (No route matches [GET] "/about"):
  
Started GET "/" for ::1 at 2022-10-06 16:26:45 -0600
Processing by PagesController#home as HTML
  Rendering layout layouts/application.html.erb
  Rendering pages/home.html.erb within layouts/application
  Rendered pages/home.html.erb within layouts/application (Duration: 1.1ms | Allocations: 1069)
  Rendered layout layouts/application.html.erb (Duration: 1.4ms | Allocations: 1141)
Completed 500 Internal Server Error in 4ms (Allocations: 1418)


  
ActionView::SyntaxErrorInTemplate (Encountered a syntax error while rendering template: check <h1>Pages#home</h1>
<p>Find me in app/views/pages/home.html.erb</p>
<a href="/about">About me</a>
<%= link_to "About Me, Myself, and I" about_pages_path %>
):
1:    <h1>Pages#home</h1>
2:    <p>Find me in app/views/pages/home.html.erb</p>
3:    <a href="/about">About me</a>
4:    <%= link_to "About Me, Myself, and I" about_pages_path %>
  
app/views/pages/home.html.erb:4: syntax error, unexpected local variable or method, expecting ')'
app/views/pages/home.html.erb:4: syntax error, unexpected local variable or method, expecting ')'
app/views/pages/home.html.erb:4: syntax error, unexpected local variable or method, expecting ')'
app/views/pages/home.html.erb:4: syntax error, unexpected local variable or method, expecting ')'
app/views/pages/home.html.erb:4: syntax error, unexpected local variable or method, expecting ')'
app/views/pages/home.html.erb:4: syntax error, unexpected local variable or method, expecting ')'
Started GET "/" for ::1 at 2022-10-06 16:27:33 -0600
Processing by PagesController#home as HTML
  Rendering layout layouts/application.html.erb
  Rendering pages/home.html.erb within layouts/application
  Rendered pages/home.html.erb within layouts/application (Duration: 0.9ms | Allocations: 1027)
  Rendered layout layouts/application.html.erb (Duration: 1.1ms | Allocations: 1100)
Completed 500 Internal Server Error in 4ms (Allocations: 2124)


  
ActionView::SyntaxErrorInTemplate (Encountered a syntax error while rendering template: check <h1>Pages#home</h1>
<p>Find me in app/views/pages/home.html.erb</p>
<a href="/about">About me</a>
<%= link_to "About Me, Myself, and I" about_pages_path %>
):
1:    <h1>Pages#home</h1>
2:    <p>Find me in app/views/pages/home.html.erb</p>
3:    <a href="/about">About me</a>
4:    <%= link_to "About Me, Myself, and I" about_pages_path %>
  
app/views/pages/home.html.erb:4: syntax error, unexpected local variable or method, expecting ')'
app/views/pages/home.html.erb:4: syntax error, unexpected local variable or method, expecting ')'
app/views/pages/home.html.erb:4: syntax error, unexpected local variable or method, expecting ')'
app/views/pages/home.html.erb:4: syntax error, unexpected local variable or method, expecting ')'
app/views/pages/home.html.erb:4: syntax error, unexpected local variable or method, expecting ')'
app/views/pages/home.html.erb:4: syntax error, unexpected local variable or method, expecting ')'
Started GET "/" for ::1 at 2022-10-06 16:28:16 -0600
Processing by PagesController#home as HTML
  Rendering layout layouts/application.html.erb
  Rendering pages/home.html.erb within layouts/application
  Rendered pages/home.html.erb within layouts/application (Duration: 11.2ms | Allocations: 4272)
  Rendered layout layouts/application.html.erb (Duration: 11.4ms | Allocations: 4344)
Completed 500 Internal Server Error in 16ms (Allocations: 5335)


  
ActionView::Template::Error (undefined local variable or method `about_pages_path' for #<ActionView::Base:0x00000000016b70>
Did you mean?  pages_about_path):
    1: <h1>Pages#home</h1>
    2: <p>Find me in app/views/pages/home.html.erb</p>
    3: <a href="/about">About me</a>
    4: <%= link_to "About Me, Myself, and I", about_pages_path %>
  
app/views/pages/home.html.erb:4
Started GET "/" for ::1 at 2022-10-06 16:29:23 -0600
Processing by PagesController#home as HTML
  Rendering layout layouts/application.html.erb
  Rendering pages/home.html.erb within layouts/application
  Rendered pages/home.html.erb within layouts/application (Duration: 0.5ms | Allocations: 215)
  Rendered layout layouts/application.html.erb (Duration: 21.3ms | Allocations: 14207)
Completed 200 OK in 24ms (Views: 23.0ms | Allocations: 15227)


Started GET "/about" for ::1 at 2022-10-06 16:29:38 -0600
  
ActionController::RoutingError (No route matches [GET] "/about"):
  
Started GET "/" for ::1 at 2022-10-06 16:29:41 -0600
Processing by PagesController#home as HTML
  Rendering layout layouts/application.html.erb
  Rendering pages/home.html.erb within layouts/application
  Rendered pages/home.html.erb within layouts/application (Duration: 0.3ms | Allocations: 49)
  Rendered layout layouts/application.html.erb (Duration: 6.0ms | Allocations: 2430)
Completed 200 OK in 8ms (Views: 6.9ms | Allocations: 2737)


Started GET "/pages/about" for ::1 at 2022-10-06 16:29:42 -0600
Processing by PagesController#about as HTML
  Rendering layout layouts/application.html.erb
  Rendering pages/about.html.erb within layouts/application
  Rendered pages/about.html.erb within layouts/application (Duration: 0.5ms | Allocations: 103)
  Rendered layout layouts/application.html.erb (Duration: 4.3ms | Allocations: 2469)
Completed 200 OK in 6ms (Views: 5.2ms | Allocations: 2833)


Started GET "/" for ::1 at 2022-10-06 16:30:19 -0600
Processing by PagesController#home as HTML
  Rendering layout layouts/application.html.erb
  Rendering pages/home.html.erb within layouts/application
  Rendered pages/home.html.erb within layouts/application (Duration: 0.6ms | Allocations: 185)
  Rendered layout layouts/application.html.erb (Duration: 23.5ms | Allocations: 14078)
Completed 200 OK in 26ms (Views: 24.8ms | Allocations: 15128)


Started GET "/about" for ::1 at 2022-10-06 16:30:22 -0600
Processing by PagesController#about as HTML
  Rendering layout layouts/application.html.erb
  Rendering pages/about.html.erb within layouts/application
  Rendered pages/about.html.erb within layouts/application (Duration: 0.5ms | Allocations: 103)
  Rendered layout layouts/application.html.erb (Duration: 3.9ms | Allocations: 2473)
Completed 200 OK in 5ms (Views: 4.4ms | Allocations: 2837)


Started GET "/about" for ::1 at 2022-10-06 16:30:24 -0600
Processing by PagesController#about as HTML
  Rendering layout layouts/application.html.erb
  Rendering pages/about.html.erb within layouts/application
  Rendered pages/about.html.erb within layouts/application (Duration: 0.1ms | Allocations: 7)
  Rendered layout layouts/application.html.erb (Duration: 5.8ms | Allocations: 2375)
Completed 200 OK in 7ms (Views: 6.5ms | Allocations: 2683)


Started GET "/" for ::1 at 2022-10-06 16:31:38 -0600
Processing by PagesController#home as HTML
  Rendering layout layouts/application.html.erb
  Rendering pages/home.html.erb within layouts/application
  Rendered pages/home.html.erb within layouts/application (Duration: 0.6ms | Allocations: 183)
  Rendered layout layouts/application.html.erb (Duration: 6.9ms | Allocations: 2845)
Completed 200 OK in 9ms (Views: 8.7ms | Allocations: 3865)


Started GET "/about" for ::1 at 2022-10-06 16:31:40 -0600
Processing by PagesController#about as HTML
  Rendering layout layouts/application.html.erb
  Rendering pages/about.html.erb within layouts/application
  Rendered pages/about.html.erb within layouts/application (Duration: 0.6ms | Allocations: 106)
  Rendered layout layouts/application.html.erb (Duration: 4.6ms | Allocations: 2490)
Completed 200 OK in 6ms (Views: 5.5ms | Allocations: 2855)


Started GET "/" for ::1 at 2022-10-06 16:32:46 -0600
Processing by PagesController#home as HTML
  Rendering layout layouts/application.html.erb
  Rendering pages/home.html.erb within layouts/application
  Rendered pages/home.html.erb within layouts/application (Duration: 0.6ms | Allocations: 181)
  Rendered layout layouts/application.html.erb (Duration: 4.5ms | Allocations: 2831)
Completed 200 OK in 7ms (Views: 5.9ms | Allocations: 3850)


Started GET "/about" for ::1 at 2022-10-06 16:32:47 -0600
Processing by PagesController#about as HTML
  Rendering layout layouts/application.html.erb
  Rendering pages/about.html.erb within layouts/application
  Rendered pages/about.html.erb within layouts/application (Duration: 0.7ms | Allocations: 159)
  Rendered layout layouts/application.html.erb (Duration: 4.1ms | Allocations: 2538)
Completed 200 OK in 6ms (Views: 5.1ms | Allocations: 2903)


Started GET "/" for ::1 at 2022-10-06 16:32:48 -0600
Processing by PagesController#home as HTML
  Rendering layout layouts/application.html.erb
  Rendering pages/home.html.erb within layouts/application
  Rendered pages/home.html.erb within layouts/application (Duration: 0.3ms | Allocations: 49)
  Rendered layout layouts/application.html.erb (Duration: 5.2ms | Allocations: 2424)
Completed 200 OK in 7ms (Views: 5.9ms | Allocations: 2732)


Started GET "/about" for ::1 at 2022-10-06 16:32:48 -0600
Processing by PagesController#about as HTML
  Rendering layout layouts/application.html.erb
  Rendering pages/about.html.erb within layouts/application
  Rendered pages/about.html.erb within layouts/application (Duration: 0.2ms | Allocations: 46)
  Rendered layout layouts/application.html.erb (Duration: 5.6ms | Allocations: 2421)
Completed 200 OK in 8ms (Views: 6.8ms | Allocations: 2730)


Started GET "/" for ::1 at 2022-10-06 16:32:48 -0600
Processing by PagesController#home as HTML
  Rendering layout layouts/application.html.erb
  Rendering pages/home.html.erb within layouts/application
  Rendered pages/home.html.erb within layouts/application (Duration: 0.2ms | Allocations: 49)
  Rendered layout layouts/application.html.erb (Duration: 5.4ms | Allocations: 2426)
Completed 200 OK in 8ms (Views: 6.5ms | Allocations: 2734)


Started GET "/about" for ::1 at 2022-10-06 16:32:49 -0600
Processing by PagesController#about as HTML
  Rendering layout layouts/application.html.erb
  Rendering pages/about.html.erb within layouts/application
  Rendered pages/about.html.erb within layouts/application (Duration: 0.3ms | Allocations: 46)
  Rendered layout layouts/application.html.erb (Duration: 6.4ms | Allocations: 2413)
Completed 200 OK in 8ms (Views: 7.3ms | Allocations: 2721)


Started GET "/" for ::1 at 2022-10-06 16:32:51 -0600
Processing by PagesController#home as HTML
  Rendering layout layouts/application.html.erb
  Rendering pages/home.html.erb within layouts/application
  Rendered pages/home.html.erb within layouts/application (Duration: 0.2ms | Allocations: 49)
  Rendered layout layouts/application.html.erb (Duration: 5.3ms | Allocations: 2438)
Completed 200 OK in 8ms (Views: 6.6ms | Allocations: 2746)


